<?xml version="1.0" encoding="UTF-8"?>
<testng-results skipped="0" failed="2" ignored="0" total="4" passed="2">
  <reporter-output>
  </reporter-output>
  <suite name="Default suite" duration-ms="454473" started-at="2023-09-06T22:34:25 IST" finished-at="2023-09-06T22:42:00 IST">
    <groups>
    </groups>
    <test name="Default test" duration-ms="454473" started-at="2023-09-06T22:34:25 IST" finished-at="2023-09-06T22:42:00 IST">
      <class name="testCases.TC_06_AddCartDepartment">
        <test-method status="PASS" signature="LaunchBrowser()[pri:0, instance:testCases.TC_06_AddCartDepartment@1786f9d5]" name="LaunchBrowser" is-config="true" duration-ms="27033" started-at="2023-09-06T22:38:03 IST" finished-at="2023-09-06T22:38:30 IST">
          <reporter-output>
          </reporter-output>
        </test-method> <!-- LaunchBrowser -->
        <test-method status="PASS" signature="AddCartbyShopDepartment()[pri:0, instance:testCases.TC_06_AddCartDepartment@1786f9d5]" name="AddCartbyShopDepartment" duration-ms="54242" started-at="2023-09-06T22:38:30 IST" finished-at="2023-09-06T22:39:24 IST">
          <reporter-output>
          </reporter-output>
        </test-method> <!-- AddCartbyShopDepartment -->
        <test-method status="PASS" signature="closeBrowser()[pri:0, instance:testCases.TC_06_AddCartDepartment@1786f9d5]" name="closeBrowser" is-config="true" duration-ms="1431" started-at="2023-09-06T22:39:24 IST" finished-at="2023-09-06T22:39:25 IST">
          <reporter-output>
          </reporter-output>
        </test-method> <!-- closeBrowser -->
      </class> <!-- testCases.TC_06_AddCartDepartment -->
      <class name="testCases.TC_01_SignUp">
        <test-method status="PASS" signature="LaunchBrowser()[pri:0, instance:testCases.TC_01_SignUp@52f759d7]" name="LaunchBrowser" is-config="true" duration-ms="55183" started-at="2023-09-06T22:34:27 IST" finished-at="2023-09-06T22:35:22 IST">
          <reporter-output>
          </reporter-output>
        </test-method> <!-- LaunchBrowser -->
        <test-method status="PASS" signature="testSignUp()[pri:0, instance:testCases.TC_01_SignUp@52f759d7]" name="testSignUp" duration-ms="42770" started-at="2023-09-06T22:35:22 IST" finished-at="2023-09-06T22:36:04 IST">
          <reporter-output>
          </reporter-output>
        </test-method> <!-- testSignUp -->
        <test-method status="PASS" signature="closeBrowser()[pri:0, instance:testCases.TC_01_SignUp@52f759d7]" name="closeBrowser" is-config="true" duration-ms="10503" started-at="2023-09-06T22:36:05 IST" finished-at="2023-09-06T22:36:16 IST">
          <reporter-output>
          </reporter-output>
        </test-method> <!-- closeBrowser -->
      </class> <!-- testCases.TC_01_SignUp -->
      <class name="testCases.TC_08_Checkout">
        <test-method status="PASS" signature="LaunchBrowser()[pri:0, instance:testCases.TC_08_Checkout@704d6e83]" name="LaunchBrowser" is-config="true" duration-ms="25346" started-at="2023-09-06T22:39:25 IST" finished-at="2023-09-06T22:39:51 IST">
          <reporter-output>
          </reporter-output>
        </test-method> <!-- LaunchBrowser -->
        <test-method status="FAIL" signature="testCheckoutItem()[pri:0, instance:testCases.TC_08_Checkout@704d6e83]" name="testCheckoutItem" duration-ms="126933" started-at="2023-09-06T22:39:51 IST" finished-at="2023-09-06T22:41:58 IST">
          <exception class="java.lang.AssertionError">
            <message>
              <![CDATA[null]]>
            </message>
            <full-stacktrace>
              <![CDATA[java.lang.AssertionError: null
at org.testng.Assert.fail(Assert.java:99)
at org.testng.Assert.fail(Assert.java:106)
at testCases.TC_08_Checkout.testCheckoutItem(TC_08_Checkout.java:79)
at sun.reflect.NativeMethodAccessorImpl.invoke0(Native Method)
at sun.reflect.NativeMethodAccessorImpl.invoke(NativeMethodAccessorImpl.java:62)
at sun.reflect.DelegatingMethodAccessorImpl.invoke(DelegatingMethodAccessorImpl.java:43)
at java.lang.reflect.Method.invoke(Method.java:498)
at org.testng.internal.MethodInvocationHelper.invokeMethod(MethodInvocationHelper.java:133)
at org.testng.internal.TestInvoker.invokeMethod(TestInvoker.java:598)
at org.testng.internal.TestInvoker.invokeTestMethod(TestInvoker.java:173)
at org.testng.internal.MethodRunner.runInSequence(MethodRunner.java:46)
at org.testng.internal.TestInvoker$MethodInvocationAgent.invoke(TestInvoker.java:824)
at org.testng.internal.TestInvoker.invokeTestMethods(TestInvoker.java:146)
at org.testng.internal.TestMethodWorker.invokeTestMethods(TestMethodWorker.java:146)
at org.testng.internal.TestMethodWorker.run(TestMethodWorker.java:128)
at java.util.ArrayList.forEach(ArrayList.java:1257)
at org.testng.TestRunner.privateRun(TestRunner.java:794)
at org.testng.TestRunner.run(TestRunner.java:596)
at org.testng.SuiteRunner.runTest(SuiteRunner.java:377)
at org.testng.SuiteRunner.runSequentially(SuiteRunner.java:371)
at org.testng.SuiteRunner.privateRun(SuiteRunner.java:332)
at org.testng.SuiteRunner.run(SuiteRunner.java:276)
at org.testng.SuiteRunnerWorker.runSuite(SuiteRunnerWorker.java:53)
at org.testng.SuiteRunnerWorker.run(SuiteRunnerWorker.java:96)
at org.testng.TestNG.runSuitesSequentially(TestNG.java:1212)
at org.testng.TestNG.runSuitesLocally(TestNG.java:1134)
at org.testng.TestNG.runSuites(TestNG.java:1063)
at org.testng.TestNG.run(TestNG.java:1031)
at org.testng.remote.AbstractRemoteTestNG.run(AbstractRemoteTestNG.java:115)
at org.testng.remote.RemoteTestNG.initAndRun(RemoteTestNG.java:251)
at org.testng.remote.RemoteTestNG.main(RemoteTestNG.java:77)
]]>
            </full-stacktrace>
          </exception> <!-- java.lang.AssertionError -->
          <reporter-output>
          </reporter-output>
        </test-method> <!-- testCheckoutItem -->
        <test-method status="PASS" signature="closeBrowser()[pri:0, instance:testCases.TC_08_Checkout@704d6e83]" name="closeBrowser" is-config="true" duration-ms="2204" started-at="2023-09-06T22:41:58 IST" finished-at="2023-09-06T22:42:00 IST">
          <reporter-output>
          </reporter-output>
        </test-method> <!-- closeBrowser -->
      </class> <!-- testCases.TC_08_Checkout -->
      <class name="testCases.TC_02_Login">
        <test-method status="PASS" signature="LaunchBrowser()[pri:0, instance:testCases.TC_02_Login@10dba097]" name="LaunchBrowser" is-config="true" duration-ms="42814" started-at="2023-09-06T22:36:16 IST" finished-at="2023-09-06T22:36:59 IST">
          <reporter-output>
          </reporter-output>
        </test-method> <!-- LaunchBrowser -->
        <test-method status="FAIL" signature="testLogin()[pri:0, instance:testCases.TC_02_Login@10dba097]" name="testLogin" duration-ms="62236" started-at="2023-09-06T22:36:59 IST" finished-at="2023-09-06T22:38:01 IST">
          <exception class="java.lang.AssertionError">
            <message>
              <![CDATA[null]]>
            </message>
            <full-stacktrace>
              <![CDATA[java.lang.AssertionError: null
at org.testng.Assert.fail(Assert.java:99)
at org.testng.Assert.fail(Assert.java:106)
at testCases.TC_02_Login.testLogin(TC_02_Login.java:32)
at sun.reflect.NativeMethodAccessorImpl.invoke0(Native Method)
at sun.reflect.NativeMethodAccessorImpl.invoke(NativeMethodAccessorImpl.java:62)
at sun.reflect.DelegatingMethodAccessorImpl.invoke(DelegatingMethodAccessorImpl.java:43)
at java.lang.reflect.Method.invoke(Method.java:498)
at org.testng.internal.MethodInvocationHelper.invokeMethod(MethodInvocationHelper.java:133)
at org.testng.internal.TestInvoker.invokeMethod(TestInvoker.java:598)
at org.testng.internal.TestInvoker.invokeTestMethod(TestInvoker.java:173)
at org.testng.internal.MethodRunner.runInSequence(MethodRunner.java:46)
at org.testng.internal.TestInvoker$MethodInvocationAgent.invoke(TestInvoker.java:824)
at org.testng.internal.TestInvoker.invokeTestMethods(TestInvoker.java:146)
at org.testng.internal.TestMethodWorker.invokeTestMethods(TestMethodWorker.java:146)
at org.testng.internal.TestMethodWorker.run(TestMethodWorker.java:128)
at java.util.ArrayList.forEach(ArrayList.java:1257)
at org.testng.TestRunner.privateRun(TestRunner.java:794)
at org.testng.TestRunner.run(TestRunner.java:596)
at org.testng.SuiteRunner.runTest(SuiteRunner.java:377)
at org.testng.SuiteRunner.runSequentially(SuiteRunner.java:371)
at org.testng.SuiteRunner.privateRun(SuiteRunner.java:332)
at org.testng.SuiteRunner.run(SuiteRunner.java:276)
at org.testng.SuiteRunnerWorker.runSuite(SuiteRunnerWorker.java:53)
at org.testng.SuiteRunnerWorker.run(SuiteRunnerWorker.java:96)
at org.testng.TestNG.runSuitesSequentially(TestNG.java:1212)
at org.testng.TestNG.runSuitesLocally(TestNG.java:1134)
at org.testng.TestNG.runSuites(TestNG.java:1063)
at org.testng.TestNG.run(TestNG.java:1031)
at org.testng.remote.AbstractRemoteTestNG.run(AbstractRemoteTestNG.java:115)
at org.testng.remote.RemoteTestNG.initAndRun(RemoteTestNG.java:251)
at org.testng.remote.RemoteTestNG.main(RemoteTestNG.java:77)
]]>
            </full-stacktrace>
          </exception> <!-- java.lang.AssertionError -->
          <reporter-output>
          </reporter-output>
        </test-method> <!-- testLogin -->
        <test-method status="PASS" signature="closeBrowser()[pri:0, instance:testCases.TC_02_Login@10dba097]" name="closeBrowser" is-config="true" duration-ms="1570" started-at="2023-09-06T22:38:01 IST" finished-at="2023-09-06T22:38:03 IST">
          <reporter-output>
          </reporter-output>
        </test-method> <!-- closeBrowser -->
      </class> <!-- testCases.TC_02_Login -->
    </test> <!-- Default test -->
  </suite> <!-- Default suite -->
</testng-results>
